<?xml version="1.0" encoding="UTF-8"?>
<!-- Generated by org.testng.reporters.JUnitReportReporter -->
<testsuite hostname="INLEN8520046727" failures="0" tests="2" name="com.app.tests.AppTests" time="6.889" errors="0" timestamp="2023-01-09T14:25:55 IST" skipped="0">
  <testcase classname="com.app.tests.AppTests" name="verifyDocumentsPage" time="3.052"/>
  <system-out/>
  <testcase classname="com.app.tests.AppTests" name="verifyDownloadsPage" time="3.837"/>
  <system-out/>
</testsuite> <!-- com.app.tests.AppTests -->
