<?xml version="1.0" encoding="UTF-8"?>
<!-- Generated by org.testng.reporters.JUnitReportReporter -->
<testsuite hostname="INLEN8520046727" failures="0" tests="2" name="com.app.tests.myTests" time="112.540" errors="0" timestamp="2023-01-09T19:59:49 IST" skipped="0">
  <testcase classname="com.app.tests.myTests" name="verifyLogin" time="41.326"/>
  <system-out/>
  <testcase classname="com.app.tests.myTests" name="AddItem" time="71.214"/>
  <system-out/>
</testsuite> <!-- com.app.tests.myTests -->
